\BOOKMARK [0][-]{chapter.1}{\376\377\0001\000\040\000H\000i\000e\000r\000a\000r\000c\000h\000i\000c\000a\000l\000\040\000I\000n\000d\000e\000x}{}% 1
\BOOKMARK [1][-]{section.1.1}{\376\377\0001\000.\0001\000\040\000C\000l\000a\000s\000s\000\040\000H\000i\000e\000r\000a\000r\000c\000h\000y}{chapter.1}% 2
\BOOKMARK [0][-]{chapter.2}{\376\377\0002\000\040\000C\000l\000a\000s\000s\000\040\000I\000n\000d\000e\000x}{}% 3
\BOOKMARK [1][-]{section.2.1}{\376\377\0002\000.\0001\000\040\000C\000l\000a\000s\000s\000\040\000L\000i\000s\000t}{chapter.2}% 4
\BOOKMARK [0][-]{chapter.3}{\376\377\0003\000\040\000C\000l\000a\000s\000s\000\040\000D\000o\000c\000u\000m\000e\000n\000t\000a\000t\000i\000o\000n}{}% 5
\BOOKMARK [1][-]{section.3.1}{\376\377\0003\000.\0001\000\040\000A\000o\000d\000v\000\040\000C\000l\000a\000s\000s\000\040\000R\000e\000f\000e\000r\000e\000n\000c\000e}{chapter.3}% 6
\BOOKMARK [2][-]{subsection.3.1.1}{\376\377\0003\000.\0001\000.\0001\000\040\000M\000e\000m\000b\000e\000r\000\040\000F\000u\000n\000c\000t\000i\000o\000n\000\040\000D\000o\000c\000u\000m\000e\000n\000t\000a\000t\000i\000o\000n}{section.3.1}% 7
\BOOKMARK [3][-]{subsubsection.3.1.1.1}{\376\377\0003\000.\0001\000.\0001\000.\0001\000\040\000a\000d\000d\000r\000o\000u\000t\000e\000\050\000s\000t\000d\000:\000:\000s\000t\000r\000i\000n\000g\000,\000\040\000i\000n\000t\000,\000\040\000i\000n\000t\000,\000\040\000s\000t\000d\000:\000:\000s\000t\000r\000i\000n\000g\000\051}{subsection.3.1.1}% 8
\BOOKMARK [3][-]{subsubsection.3.1.1.2}{\376\377\0003\000.\0001\000.\0001\000.\0002\000\040\000b\000r\000o\000a\000d\000c\000a\000s\000t\000\050\000s\000t\000d\000:\000:\000s\000t\000r\000i\000n\000g\000\051}{subsection.3.1.1}% 9
\BOOKMARK [3][-]{subsubsection.3.1.1.3}{\376\377\0003\000.\0001\000.\0001\000.\0003\000\040\000c\000o\000m\000m\000f\000u\000n\000c\000t\000i\000o\000n\000\050\000\051}{subsection.3.1.1}% 10
\BOOKMARK [3][-]{subsubsection.3.1.1.4}{\376\377\0003\000.\0001\000.\0001\000.\0004\000\040\000c\000r\000e\000a\000t\000e\000h\000e\000l\000l\000o\000\050\000\051}{subsection.3.1.1}% 11
\BOOKMARK [3][-]{subsubsection.3.1.1.5}{\376\377\0003\000.\0001\000.\0001\000.\0005\000\040\000c\000r\000e\000a\000t\000e\000r\000e\000r\000r\000\050\000s\000t\000d\000:\000:\000s\000t\000r\000i\000n\000g\000,\000\040\000i\000n\000t\000\051}{subsection.3.1.1}% 12
\BOOKMARK [3][-]{subsubsection.3.1.1.6}{\376\377\0003\000.\0001\000.\0001\000.\0006\000\040\000c\000r\000e\000a\000t\000e\000r\000r\000e\000p\000\050\000s\000t\000d\000:\000:\000s\000t\000r\000i\000n\000g\000,\000\040\000s\000t\000d\000:\000:\000s\000t\000r\000i\000n\000g\000,\000\040\000i\000n\000t\000\051}{subsection.3.1.1}% 13
\BOOKMARK [3][-]{subsubsection.3.1.1.7}{\376\377\0003\000.\0001\000.\0001\000.\0007\000\040\000c\000r\000e\000a\000t\000e\000r\000r\000e\000q\000\050\000s\000t\000d\000:\000:\000s\000t\000r\000i\000n\000g\000,\000\040\000s\000t\000d\000:\000:\000s\000t\000r\000i\000n\000g\000,\000\040\000i\000n\000t\000\051}{subsection.3.1.1}% 14
\BOOKMARK [3][-]{subsubsection.3.1.1.8}{\376\377\0003\000.\0001\000.\0001\000.\0008\000\040\000d\000e\000s\000e\000r\000i\000a\000l\000i\000z\000e\000r\000e\000r\000r\000\050\000s\000t\000d\000:\000:\000s\000t\000r\000i\000n\000g\000\051}{subsection.3.1.1}% 15
\BOOKMARK [3][-]{subsubsection.3.1.1.9}{\376\377\0003\000.\0001\000.\0001\000.\0009\000\040\000d\000e\000s\000e\000r\000i\000a\000l\000i\000z\000e\000r\000r\000e\000p\000\050\000s\000t\000d\000:\000:\000s\000t\000r\000i\000n\000g\000\051}{subsection.3.1.1}% 16
\BOOKMARK [3][-]{subsubsection.3.1.1.10}{\376\377\0003\000.\0001\000.\0001\000.\0001\0000\000\040\000d\000e\000s\000e\000r\000i\000a\000l\000i\000z\000e\000r\000r\000e\000q\000\050\000s\000t\000d\000:\000:\000s\000t\000r\000i\000n\000g\000\051}{subsection.3.1.1}% 17
\BOOKMARK [3][-]{subsubsection.3.1.1.11}{\376\377\0003\000.\0001\000.\0001\000.\0001\0001\000\040\000g\000e\000t\000a\000t\000t\000r\000i\000b\000u\000t\000e\000\050\000s\000t\000d\000:\000:\000s\000t\000r\000i\000n\000g\000\051}{subsection.3.1.1}% 18
\BOOKMARK [3][-]{subsubsection.3.1.1.12}{\376\377\0003\000.\0001\000.\0001\000.\0001\0002\000\040\000h\000a\000v\000e\000r\000o\000u\000t\000e\000\050\000s\000t\000d\000:\000:\000s\000t\000r\000i\000n\000g\000\051}{subsection.3.1.1}% 19
\BOOKMARK [3][-]{subsubsection.3.1.1.13}{\376\377\0003\000.\0001\000.\0001\000.\0001\0003\000\040\000l\000o\000g\000\050\000s\000t\000d\000:\000:\000s\000t\000r\000i\000n\000g\000\051}{subsection.3.1.1}% 20
\BOOKMARK [3][-]{subsubsection.3.1.1.14}{\376\377\0003\000.\0001\000.\0001\000.\0001\0004\000\040\000p\000r\000o\000c\000e\000s\000s\000d\000a\000t\000a\000\050\000s\000t\000d\000:\000:\000s\000t\000r\000i\000n\000g\000\051}{subsection.3.1.1}% 21
\BOOKMARK [3][-]{subsubsection.3.1.1.15}{\376\377\0003\000.\0001\000.\0001\000.\0001\0005\000\040\000p\000r\000o\000c\000e\000s\000s\000r\000e\000r\000r\000\050\000A\000o\000d\000v\000r\000e\000r\000r\000\040\000*\000\051}{subsection.3.1.1}% 22
\BOOKMARK [3][-]{subsubsection.3.1.1.16}{\376\377\0003\000.\0001\000.\0001\000.\0001\0006\000\040\000p\000r\000o\000c\000e\000s\000s\000r\000r\000e\000p\000\050\000A\000o\000d\000v\000r\000r\000e\000p\000\040\000*\000\051}{subsection.3.1.1}% 23
\BOOKMARK [3][-]{subsubsection.3.1.1.17}{\376\377\0003\000.\0001\000.\0001\000.\0001\0007\000\040\000p\000r\000o\000c\000e\000s\000s\000r\000r\000e\000q\000\050\000A\000o\000d\000v\000r\000r\000e\000q\000\040\000*\000\051}{subsection.3.1.1}% 24
\BOOKMARK [1][-]{section.3.2}{\376\377\0003\000.\0002\000\040\000A\000o\000d\000v\000\137\000m\000e\000s\000s\000a\000g\000e\000\040\000C\000l\000a\000s\000s\000\040\000R\000e\000f\000e\000r\000e\000n\000c\000e}{chapter.3}% 25
\BOOKMARK [1][-]{section.3.3}{\376\377\0003\000.\0003\000\040\000A\000o\000d\000v\000\137\000r\000e\000r\000r\000\040\000C\000l\000a\000s\000s\000\040\000R\000e\000f\000e\000r\000e\000n\000c\000e}{chapter.3}% 26
\BOOKMARK [1][-]{section.3.4}{\376\377\0003\000.\0004\000\040\000A\000o\000d\000v\000\137\000r\000o\000u\000t\000e\000\040\000C\000l\000a\000s\000s\000\040\000R\000e\000f\000e\000r\000e\000n\000c\000e}{chapter.3}% 27
\BOOKMARK [1][-]{section.3.5}{\376\377\0003\000.\0005\000\040\000A\000o\000d\000v\000\137\000r\000r\000e\000p\000\040\000C\000l\000a\000s\000s\000\040\000R\000e\000f\000e\000r\000e\000n\000c\000e}{chapter.3}% 28
\BOOKMARK [1][-]{section.3.6}{\376\377\0003\000.\0006\000\040\000A\000o\000d\000v\000\137\000r\000r\000e\000q\000\040\000C\000l\000a\000s\000s\000\040\000R\000e\000f\000e\000r\000e\000n\000c\000e}{chapter.3}% 29
\BOOKMARK [1][-]{section.3.7}{\376\377\0003\000.\0007\000\040\000A\000o\000d\000v\000C\000o\000m\000m\000s\000\040\000C\000l\000a\000s\000s\000\040\000R\000e\000f\000e\000r\000e\000n\000c\000e}{chapter.3}% 30
\BOOKMARK [1][-]{section.3.8}{\376\377\0003\000.\0008\000\040\000B\000a\000s\000e\000S\000t\000a\000t\000i\000o\000n\000\040\000C\000l\000a\000s\000s\000\040\000R\000e\000f\000e\000r\000e\000n\000c\000e}{chapter.3}% 31
\BOOKMARK [1][-]{section.3.9}{\376\377\0003\000.\0009\000\040\000B\000a\000s\000i\000c\000\040\000C\000l\000a\000s\000s\000\040\000R\000e\000f\000e\000r\000e\000n\000c\000e}{chapter.3}% 32
\BOOKMARK [2][-]{subsection.3.9.1}{\376\377\0003\000.\0009\000.\0001\000\040\000M\000e\000m\000b\000e\000r\000\040\000F\000u\000n\000c\000t\000i\000o\000n\000\040\000D\000o\000c\000u\000m\000e\000n\000t\000a\000t\000i\000o\000n}{section.3.9}% 33
\BOOKMARK [3][-]{subsubsection.3.9.1.1}{\376\377\0003\000.\0009\000.\0001\000.\0001\000\040\000c\000o\000m\000m\000f\000u\000n\000c\000t\000i\000o\000n\000\050\000\051}{subsection.3.9.1}% 34
\BOOKMARK [3][-]{subsubsection.3.9.1.2}{\376\377\0003\000.\0009\000.\0001\000.\0002\000\040\000l\000o\000g\000\050\000s\000t\000d\000:\000:\000s\000t\000r\000i\000n\000g\000\051}{subsection.3.9.1}% 35
\BOOKMARK [1][-]{section.3.10}{\376\377\0003\000.\0001\0000\000\040\000B\000a\000s\000i\000c\000\137\000a\000d\000d\000r\000e\000s\000s\000e\000d\000\040\000C\000l\000a\000s\000s\000\040\000R\000e\000f\000e\000r\000e\000n\000c\000e}{chapter.3}% 36
\BOOKMARK [2][-]{subsection.3.10.1}{\376\377\0003\000.\0001\0000\000.\0001\000\040\000M\000e\000m\000b\000e\000r\000\040\000F\000u\000n\000c\000t\000i\000o\000n\000\040\000D\000o\000c\000u\000m\000e\000n\000t\000a\000t\000i\000o\000n}{section.3.10}% 37
\BOOKMARK [3][-]{subsubsection.3.10.1.1}{\376\377\0003\000.\0001\0000\000.\0001\000.\0001\000\040\000c\000o\000m\000m\000f\000u\000n\000c\000t\000i\000o\000n\000\050\000\051}{subsection.3.10.1}% 38
\BOOKMARK [1][-]{section.3.11}{\376\377\0003\000.\0001\0001\000\040\000B\000a\000s\000i\000c\000\137\000m\000e\000s\000s\000a\000g\000e\000\040\000C\000l\000a\000s\000s\000\040\000R\000e\000f\000e\000r\000e\000n\000c\000e}{chapter.3}% 39
\BOOKMARK [1][-]{section.3.12}{\376\377\0003\000.\0001\0002\000\040\000B\000a\000s\000i\000c\000\137\000m\000e\000s\000s\000a\000g\000e\000\137\000a\000d\000d\000r\000e\000s\000s\000e\000d\000\040\000C\000l\000a\000s\000s\000\040\000R\000e\000f\000e\000r\000e\000n\000c\000e}{chapter.3}% 40
\BOOKMARK [1][-]{section.3.13}{\376\377\0003\000.\0001\0003\000\040\000C\000o\000m\000m\000M\000o\000d\000\040\000C\000l\000a\000s\000s\000\040\000R\000e\000f\000e\000r\000e\000n\000c\000e}{chapter.3}% 41
\BOOKMARK [1][-]{section.3.14}{\376\377\0003\000.\0001\0004\000\040\000C\000o\000o\000r\000d\000\040\000S\000t\000r\000u\000c\000t\000\040\000R\000e\000f\000e\000r\000e\000n\000c\000e}{chapter.3}% 42
\BOOKMARK [1][-]{section.3.15}{\376\377\0003\000.\0001\0005\000\040\000D\000r\000o\000n\000e\000\040\000C\000l\000a\000s\000s\000\040\000R\000e\000f\000e\000r\000e\000n\000c\000e}{chapter.3}% 43
\BOOKMARK [1][-]{section.3.16}{\376\377\0003\000.\0001\0006\000\040\000E\000n\000v\000i\000r\000o\000n\000m\000e\000n\000t\000\040\000C\000l\000a\000s\000s\000\040\000R\000e\000f\000e\000r\000e\000n\000c\000e}{chapter.3}% 44
\BOOKMARK [1][-]{section.3.17}{\376\377\0003\000.\0001\0007\000\040\000I\000p\000A\000l\000l\000o\000c\000a\000t\000o\000r\000\040\000C\000l\000a\000s\000s\000\040\000R\000e\000f\000e\000r\000e\000n\000c\000e}{chapter.3}% 45
\BOOKMARK [1][-]{section.3.18}{\376\377\0003\000.\0001\0008\000\040\000M\000e\000s\000s\000a\000g\000e\000\040\000C\000l\000a\000s\000s\000\040\000R\000e\000f\000e\000r\000e\000n\000c\000e}{chapter.3}% 46
\BOOKMARK [1][-]{section.3.19}{\376\377\0003\000.\0001\0009\000\040\000M\000e\000s\000s\000a\000g\000e\000a\000b\000l\000e\000\040\000C\000l\000a\000s\000s\000\040\000R\000e\000f\000e\000r\000e\000n\000c\000e}{chapter.3}% 47
\BOOKMARK [1][-]{section.3.20}{\376\377\0003\000.\0002\0000\000\040\000S\000e\000n\000s\000i\000n\000g\000B\000a\000s\000e\000S\000t\000a\000t\000i\000o\000n\000\040\000C\000l\000a\000s\000s\000\040\000R\000e\000f\000e\000r\000e\000n\000c\000e}{chapter.3}% 48
\BOOKMARK [1][-]{section.3.21}{\376\377\0003\000.\0002\0001\000\040\000S\000e\000n\000s\000i\000n\000g\000D\000r\000o\000n\000e\000\040\000C\000l\000a\000s\000s\000\040\000R\000e\000f\000e\000r\000e\000n\000c\000e}{chapter.3}% 49
\BOOKMARK [1][-]{section.3.22}{\376\377\0003\000.\0002\0002\000\040\000T\000e\000s\000t\000\040\000C\000l\000a\000s\000s\000\040\000R\000e\000f\000e\000r\000e\000n\000c\000e}{chapter.3}% 50
\BOOKMARK [0][-]{section*.79}{\376\377\000I\000n\000d\000e\000x}{}% 51
