\BOOKMARK [0][-]{chapter.1}{Opening}{}% 1
\BOOKMARK [1][-]{section.1.1}{Key Words}{chapter.1}% 2
\BOOKMARK [1][-]{section.1.2}{Word Count}{chapter.1}% 3
\BOOKMARK [1][-]{section.1.3}{Acknowledgements}{chapter.1}% 4
\BOOKMARK [1][-]{section.1.4}{Introduction}{chapter.1}% 5
\BOOKMARK [0][-]{chapter.2}{Background}{}% 6
\BOOKMARK [1][-]{section.2.1}{Drones}{chapter.2}% 7
\BOOKMARK [2][-]{subsection.2.1.1}{Definition}{section.2.1}% 8
\BOOKMARK [2][-]{subsection.2.1.2}{Sensor Capabilities}{section.2.1}% 9
\BOOKMARK [2][-]{subsection.2.1.3}{Usages}{section.2.1}% 10
\BOOKMARK [1][-]{section.2.2}{Sensor Networks}{chapter.2}% 11
\BOOKMARK [2][-]{subsection.2.2.1}{Definition}{section.2.2}% 12
\BOOKMARK [2][-]{subsection.2.2.2}{Drone Networks}{section.2.2}% 13
\BOOKMARK [1][-]{section.2.3}{Network Simulation}{chapter.2}% 14
\BOOKMARK [2][-]{subsection.2.3.1}{Definition}{section.2.3}% 15
\BOOKMARK [2][-]{subsection.2.3.2}{Structure and Testing}{section.2.3}% 16
\BOOKMARK [1][-]{section.2.4}{Routing}{chapter.2}% 17
\BOOKMARK [2][-]{subsection.2.4.1}{Physical Routing}{section.2.4}% 18
\BOOKMARK [2][-]{subsection.2.4.2}{Communications Routing}{section.2.4}% 19
\BOOKMARK [0][-]{chapter.3}{Specification}{}% 20
\BOOKMARK [1][-]{section.3.1}{Description of the Problem}{chapter.3}% 21
\BOOKMARK [1][-]{section.3.2}{Objectives}{chapter.3}% 22
\BOOKMARK [1][-]{section.3.3}{Justification}{chapter.3}% 23
\BOOKMARK [1][-]{section.3.4}{Stakeholder Analysis}{chapter.3}% 24
\BOOKMARK [1][-]{section.3.5}{Feasibility Study}{chapter.3}% 25
\BOOKMARK [2][-]{subsection.3.5.1}{Problem Scope}{section.3.5}% 26
\BOOKMARK [2][-]{subsection.3.5.2}{Project Scope}{section.3.5}% 27
\BOOKMARK [2][-]{subsection.3.5.3}{Financial Analysis}{section.3.5}% 28
\BOOKMARK [2][-]{subsection.3.5.4}{Market Analysis}{section.3.5}% 29
\BOOKMARK [2][-]{subsection.3.5.5}{Project Management}{section.3.5}% 30
\BOOKMARK [1][-]{section.3.6}{Requirements Identification}{chapter.3}% 31
\BOOKMARK [2][-]{subsection.3.6.1}{Functional Requirements}{section.3.6}% 32
\BOOKMARK [2][-]{subsection.3.6.2}{Non-functional Requirements}{section.3.6}% 33
\BOOKMARK [1][-]{section.3.7}{Project Deliverables}{chapter.3}% 34
\BOOKMARK [1][-]{section.3.8}{Changes From Original Specification}{chapter.3}% 35
\BOOKMARK [0][-]{chapter.4}{Literature Review}{}% 36
\BOOKMARK [1][-]{section.4.1}{Existing Solutions}{chapter.4}% 37
\BOOKMARK [1][-]{section.4.2}{Social and Ethical Issues}{chapter.4}% 38
\BOOKMARK [1][-]{section.4.3}{Physical Routing}{chapter.4}% 39
\BOOKMARK [1][-]{section.4.4}{MANETS}{chapter.4}% 40
\BOOKMARK [1][-]{section.4.5}{Drones}{chapter.4}% 41
\BOOKMARK [0][-]{chapter.5}{Design}{}% 42
\BOOKMARK [1][-]{section.5.1}{Methodology}{chapter.5}% 43
\BOOKMARK [1][-]{section.5.2}{System Architecture}{chapter.5}% 44
\BOOKMARK [2][-]{subsection.5.2.1}{Network Simulation}{section.5.2}% 45
\BOOKMARK [2][-]{subsection.5.2.2}{Communications Routing}{section.5.2}% 46
\BOOKMARK [2][-]{subsection.5.2.3}{Physical Routing}{section.5.2}% 47
\BOOKMARK [2][-]{subsection.5.2.4}{Physical Deployment}{section.5.2}% 48
\BOOKMARK [0][-]{chapter.6}{Simulation Software}{}% 49
\BOOKMARK [1][-]{section.6.1}{Existing Software}{chapter.6}% 50
\BOOKMARK [2][-]{subsection.6.1.1}{NS3}{section.6.1}% 51
\BOOKMARK [2][-]{subsection.6.1.2}{NS2}{section.6.1}% 52
\BOOKMARK [2][-]{subsection.6.1.3}{Some}{section.6.1}% 53
\BOOKMARK [2][-]{subsection.6.1.4}{other}{section.6.1}% 54
\BOOKMARK [2][-]{subsection.6.1.5}{stuff}{section.6.1}% 55
\BOOKMARK [1][-]{section.6.2}{Summary of Existing Software}{chapter.6}% 56
\BOOKMARK [1][-]{section.6.3}{Development Methodology}{chapter.6}% 57
\BOOKMARK [1][-]{section.6.4}{Code Structure}{chapter.6}% 58
\BOOKMARK [2][-]{subsection.6.4.1}{The Environment}{section.6.4}% 59
\BOOKMARK [2][-]{subsection.6.4.2}{Communication Modules}{section.6.4}% 60
\BOOKMARK [2][-]{subsection.6.4.3}{Drone}{section.6.4}% 61
\BOOKMARK [2][-]{subsection.6.4.4}{Base Station}{section.6.4}% 62
\BOOKMARK [1][-]{section.6.5}{Results}{chapter.6}% 63
\BOOKMARK [1][-]{section.6.6}{Optimisation}{chapter.6}% 64
\BOOKMARK [1][-]{section.6.7}{Review Against Original Objectives}{chapter.6}% 65
\BOOKMARK [1][-]{section.6.8}{User Manual}{chapter.6}% 66
\BOOKMARK [0][-]{chapter.7}{Physical Routing}{}% 67
\BOOKMARK [0][-]{chapter.8}{Communications Routing}{}% 68
\BOOKMARK [0][-]{chapter.9}{Physical Deployment}{}% 69
\BOOKMARK [1][-]{section.9.1}{Objectives}{chapter.9}% 70
\BOOKMARK [1][-]{section.9.2}{Equipment and Feasability}{chapter.9}% 71
\BOOKMARK [2][-]{subsection.9.2.1}{Arduino}{section.9.2}% 72
\BOOKMARK [2][-]{subsection.9.2.2}{RaspberryPi}{section.9.2}% 73
\BOOKMARK [2][-]{subsection.9.2.3}{Something else}{section.9.2}% 74
\BOOKMARK [1][-]{section.9.3}{Adapting the Simulator Code}{chapter.9}% 75
\BOOKMARK [1][-]{section.9.4}{Results}{chapter.9}% 76
\BOOKMARK [1][-]{section.9.5}{Review Against Original Objectives}{chapter.9}% 77
\BOOKMARK [0][-]{chapter.10}{Testing}{}% 78
\BOOKMARK [1][-]{section.10.1}{Unit Testing}{chapter.10}% 79
\BOOKMARK [1][-]{section.10.2}{Client Application Testing}{chapter.10}% 80
\BOOKMARK [1][-]{section.10.3}{Usability Testing}{chapter.10}% 81
\BOOKMARK [1][-]{section.10.4}{Performance Testing}{chapter.10}% 82
\BOOKMARK [1][-]{section.10.5}{System Testing}{chapter.10}% 83
\BOOKMARK [1][-]{section.10.6}{User Acceptance Testing}{chapter.10}% 84
\BOOKMARK [1][-]{section.10.7}{Risk Assessment}{chapter.10}% 85
\BOOKMARK [0][-]{chapter.11}{Project Management}{}% 86
\BOOKMARK [0][-]{chapter.12}{Project Outcome}{}% 87
\BOOKMARK [0][-]{chapter.13}{Conclusion}{}% 88
